# JRE version: OpenJDK Runtime Environment (17.0.6) (build 17.0.6+0-b2043.56-10027231)
# Java VM: OpenJDK 64-Bit Server VM (17.0.6+0-b2043.56-10027231, mixed mode, tiered, compressed oops, compressed class ptrs, g1 gc, windows-amd64)
GC Precious Log:
 CPUs: 16 total, 16 available
 Memory: 15789M
 Large Page Support: Disabled
 NUMA Support: Disabled
 Compressed Oops: Enabled (32-bit)
 Heap Region Size: 1M
 Heap Min Capacity: 8M
 Heap Initial Capacity: 248M
 Heap Max Capacity: 2G
 Pre-touch: Disabled
 Parallel Workers: 13
 Concurrent Workers: 3
 Concurrent Refinement Workers: 13
 Periodic GC: Disabled
Heap:
 garbage-first heap   total 129024K, used 81989K [0x0000000080000000, 0x0000000100000000)
  region size 1024K, 18 young (18432K), 4 survivors (4096K)
 Metaspace       used 85049K, committed 85504K, reserved 1130496K
  class space    used 11083K, committed 11264K, reserved 1048576K
GC Heap History (20 events):
Event: 8.454 GC heap before
{Heap before GC invocations=22 (full 0):
 garbage-first heap   total 80896K, used 64164K [0x0000000080000000, 0x0000000100000000)
  region size 1024K, 17 young (17408K), 3 survivors (3072K)
 Metaspace       used 63861K, committed 64320K, reserved 1105920K
  class space    used 8725K, committed 8960K, reserved 1048576K
}
Event: 8.459 GC heap after
{Heap after GC invocations=23 (full 0):
 garbage-first heap   total 80896K, used 48963K [0x0000000080000000, 0x0000000100000000)
  region size 1024K, 3 young (3072K), 3 survivors (3072K)
 Metaspace       used 63861K, committed 64320K, reserved 1105920K
  class space    used 8725K, committed 8960K, reserved 1048576K
}
Event: 8.643 GC heap before
{Heap before GC invocations=24 (full 0):
 garbage-first heap   total 87040K, used 63299K [0x0000000080000000, 0x0000000100000000)
  region size 1024K, 17 young (17408K), 3 survivors (3072K)
 Metaspace       used 65035K, committed 65536K, reserved 1105920K
  class space    used 8880K, committed 9088K, reserved 1048576K
}
Event: 8.645 GC heap after
{Heap after GC invocations=25 (full 0):
 garbage-first heap   total 87040K, used 49829K [0x0000000080000000, 0x0000000100000000)
  region size 1024K, 1 young (1024K), 1 survivors (1024K)
 Metaspace       used 65035K, committed 65536K, reserved 1105920K
  class space    used 8880K, committed 9088K, reserved 1048576K
}
Event: 8.894 GC heap before
{Heap before GC invocations=25 (full 0):
 garbage-first heap   total 87040K, used 68261K [0x0000000080000000, 0x0000000100000000)
  region size 1024K, 19 young (19456K), 1 survivors (1024K)
 Metaspace       used 67876K, committed 68352K, reserved 1114112K
  class space    used 9188K, committed 9408K, reserved 1048576K
}
Event: 8.896 GC heap after
{Heap after GC invocations=26 (full 0):
 garbage-first heap   total 87040K, used 50924K [0x0000000080000000, 0x0000000100000000)
  region size 1024K, 2 young (2048K), 2 survivors (2048K)
 Metaspace       used 67876K, committed 68352K, reserved 1114112K
  class space    used 9188K, committed 9408K, reserved 1048576K
}
Event: 9.180 GC heap before
{Heap before GC invocations=27 (full 0):
 garbage-first heap   total 91136K, used 75500K [0x0000000080000000, 0x0000000100000000)
  region size 1024K, 20 young (20480K), 2 survivors (2048K)
 Metaspace       used 69938K, committed 70400K, reserved 1114112K
  class space    used 9411K, committed 9600K, reserved 1048576K
}
Event: 9.182 GC heap after
{Heap after GC invocations=28 (full 0):
 garbage-first heap   total 91136K, used 59096K [0x0000000080000000, 0x0000000100000000)
  region size 1024K, 3 young (3072K), 3 survivors (3072K)
 Metaspace       used 69938K, committed 70400K, reserved 1114112K
  class space    used 9411K, committed 9600K, reserved 1048576K
}
Event: 9.451 GC heap before
{Heap before GC invocations=28 (full 0):
 garbage-first heap   total 91136K, used 73432K [0x0000000080000000, 0x0000000100000000)
  region size 1024K, 18 young (18432K), 3 survivors (3072K)
 Metaspace       used 72063K, committed 72576K, reserved 1114112K
  class space    used 9597K, committed 9792K, reserved 1048576K
}
Event: 9.454 GC heap after
{Heap after GC invocations=29 (full 0):
 garbage-first heap   total 91136K, used 60676K [0x0000000080000000, 0x0000000100000000)
  region size 1024K, 2 young (2048K), 2 survivors (2048K)
 Metaspace       used 72063K, committed 72576K, reserved 1114112K
  class space    used 9597K, committed 9792K, reserved 1048576K
}
Event: 9.706 GC heap before
{Heap before GC invocations=30 (full 0):
 garbage-first heap   total 107520K, used 73988K [0x0000000080000000, 0x0000000100000000)
  region size 1024K, 16 young (16384K), 2 survivors (2048K)
 Metaspace       used 74019K, committed 74496K, reserved 1114112K
  class space    used 9767K, committed 9984K, reserved 1048576K
}
Event: 9.709 GC heap after
{Heap after GC invocations=31 (full 0):
 garbage-first heap   total 129024K, used 62558K [0x0000000080000000, 0x0000000100000000)
  region size 1024K, 2 young (2048K), 2 survivors (2048K)
 Metaspace       used 74019K, committed 74496K, reserved 1114112K
  class space    used 9767K, committed 9984K, reserved 1048576K
}
Event: 10.361 GC heap before
{Heap before GC invocations=31 (full 0):
 garbage-first heap   total 129024K, used 99422K [0x0000000080000000, 0x0000000100000000)
  region size 1024K, 38 young (38912K), 2 survivors (2048K)
 Metaspace       used 79041K, committed 79488K, reserved 1122304K
  class space    used 10364K, committed 10560K, reserved 1048576K
}
Event: 10.364 GC heap after
{Heap after GC invocations=32 (full 0):
 garbage-first heap   total 129024K, used 64076K [0x0000000080000000, 0x0000000100000000)
  region size 1024K, 4 young (4096K), 4 survivors (4096K)
 Metaspace       used 79041K, committed 79488K, reserved 1122304K
  class space    used 10364K, committed 10560K, reserved 1048576K
}
Event: 10.831 GC heap before
{Heap before GC invocations=33 (full 0):
 garbage-first heap   total 129024K, used 100940K [0x0000000080000000, 0x0000000100000000)
  region size 1024K, 39 young (39936K), 4 survivors (4096K)
 Metaspace       used 82159K, committed 82688K, reserved 1122304K
  class space    used 10772K, committed 11008K, reserved 1048576K
}
Event: 10.834 GC heap after
{Heap after GC invocations=34 (full 0):
 garbage-first heap   total 129024K, used 65835K [0x0000000080000000, 0x0000000100000000)
  region size 1024K, 4 young (4096K), 4 survivors (4096K)
 Metaspace       used 82159K, committed 82688K, reserved 1122304K
  class space    used 10772K, committed 11008K, reserved 1048576K
}
Event: 10.841 GC heap before
{Heap before GC invocations=34 (full 0):
 garbage-first heap   total 129024K, used 67883K [0x0000000080000000, 0x0000000100000000)
  region size 1024K, 6 young (6144K), 4 survivors (4096K)
 Metaspace       used 82161K, committed 82688K, reserved 1122304K
  class space    used 10772K, committed 11008K, reserved 1048576K
}
Event: 10.845 GC heap after
{Heap after GC invocations=35 (full 0):
 garbage-first heap   total 129024K, used 65996K [0x0000000080000000, 0x0000000100000000)
  region size 1024K, 1 young (1024K), 1 survivors (1024K)
 Metaspace       used 82161K, committed 82688K, reserved 1122304K
  class space    used 10772K, committed 11008K, reserved 1048576K
}
Event: 11.290 GC heap before
{Heap before GC invocations=35 (full 0):
 garbage-first heap   total 129024K, used 103884K [0x0000000080000000, 0x0000000100000000)
  region size 1024K, 38 young (38912K), 1 survivors (1024K)
 Metaspace       used 84563K, committed 85056K, reserved 1130496K
  class space    used 11033K, committed 11264K, reserved 1048576K
}
Event: 11.293 GC heap after
{Heap after GC invocations=36 (full 0):
 garbage-first heap   total 129024K, used 68677K [0x0000000080000000, 0x0000000100000000)
  region size 1024K, 4 young (4096K), 4 survivors (4096K)
 Metaspace       used 84563K, committed 85056K, reserved 1130496K
  class space    used 11033K, committed 11264K, reserved 1048576K
}

